2021-06-07 13:48:52,701 ERROR c.r.a.m.d.j.JdbcAdminDao [main] No operations allowed after connection closed.
2021-06-07 13:48:52,708 ERROR c.r.a.m.d.j.JdbcAdminDao [main] No operations allowed after connection closed.
2021-06-07 13:49:09,164 ERROR c.r.a.m.d.j.JdbcAdminDao [main] No operations allowed after connection closed.
2021-06-07 13:49:09,170 ERROR c.r.a.m.d.j.JdbcAdminDao [main] No operations allowed after connection closed.
2021-06-07 15:21:53,523 ERROR c.r.a.m.d.j.JdbcAdminDao [main] No operations allowed after connection closed.
2021-06-07 15:21:53,529 ERROR c.r.a.m.d.j.JdbcAdminDao [main] No operations allowed after connection closed.
2021-06-07 15:22:56,704 ERROR c.r.a.m.d.j.JdbcAdminDao [main] No operations allowed after connection closed.
2021-06-07 15:22:56,711 ERROR c.r.a.m.d.j.JdbcAdminDao [main] No operations allowed after connection closed.
2021-06-07 15:24:04,523 ERROR c.r.a.m.d.j.JdbcAdminDao [main] No operations allowed after connection closed.
2021-06-07 15:24:04,529 ERROR c.r.a.m.d.j.JdbcAdminDao [main] No operations allowed after connection closed.
2021-06-07 15:25:49,459 ERROR c.r.a.m.d.j.JdbcAdminDao [main] No operations allowed after connection closed.
2021-06-07 15:26:17,458 ERROR c.r.a.m.d.j.JdbcAdminDao [main] No operations allowed after connection closed.
2021-06-07 15:26:47,064 ERROR c.r.a.m.d.j.JdbcAdminDao [main] No operations allowed after connection closed.
2021-06-07 15:27:00,981 ERROR c.r.a.m.d.j.JdbcAdminDao [main] No operations allowed after connection closed.
2021-06-07 15:28:38,756 ERROR c.r.a.m.d.j.JdbcAdminDao [main] No operations allowed after connection closed.
2021-06-07 15:32:20,890 ERROR c.r.a.m.d.j.JdbcAdminDao [main] No operations allowed after connection closed.
2021-06-07 15:33:02,610 ERROR c.r.a.m.d.j.JdbcAdminDao [main] No operations allowed after connection closed.
2021-06-07 15:33:02,616 ERROR c.r.a.m.d.j.JdbcAdminDao [main] No operations allowed after connection closed.
2021-06-07 15:34:37,782 ERROR c.r.a.m.d.j.JdbcAdminDao [main] No operations allowed after connection closed.
2021-06-07 15:34:37,788 ERROR c.r.a.m.d.j.JdbcAdminDao [main] No operations allowed after connection closed.
2021-06-07 15:52:43,986 ERROR c.r.a.m.d.j.JdbcAdminDao [main] No operations allowed after connection closed.
2021-06-07 15:53:59,988 ERROR c.r.a.m.d.j.JdbcAdminDao [main] No operations allowed after connection closed.
2021-06-07 15:54:15,836 ERROR c.r.a.m.d.j.JdbcAdminDao [main] No operations allowed after connection closed.
2021-06-07 15:57:11,965 ERROR c.r.a.m.d.j.JdbcAdminDao [main] No operations allowed after connection closed.
2021-06-07 15:57:35,958 ERROR c.r.a.m.d.j.JdbcAdminDao [main] No operations allowed after connection closed.
2021-06-07 15:59:59,309 ERROR c.r.a.m.d.j.JdbcAdminDao [main] No operations allowed after connection closed.
2021-06-07 16:01:48,195 ERROR c.r.a.m.d.j.JdbcAdminDao [main] No operations allowed after connection closed.
2021-06-07 16:45:48,025 ERROR c.r.a.m.d.j.JdbcAdminDao [main] No operations allowed after connection closed.
2021-06-07 16:45:48,032 ERROR c.r.a.m.d.j.JdbcAdminDao [main] No operations allowed after connection closed.
2021-06-07 16:49:47,492 ERROR c.r.a.m.d.j.JdbcAdminDao [main] No operations allowed after connection closed.
2021-06-07 16:49:47,498 ERROR c.r.a.m.d.j.JdbcAdminDao [main] No operations allowed after connection closed.
2021-06-07 16:51:04,762 ERROR c.r.a.m.d.j.JdbcAdminDao [main] Cannot add or update a child row: a foreign key constraint fails (`repair`.`receipt`, CONSTRAINT `fk_invoice_user1` FOREIGN KEY (`engineer_id`) REFERENCES `user` (`id`))
2021-06-07 16:51:19,048 ERROR c.r.a.m.d.j.JdbcAdminDao [main] Cannot add or update a child row: a foreign key constraint fails (`repair`.`receipt`, CONSTRAINT `fk_invoice_user1` FOREIGN KEY (`engineer_id`) REFERENCES `user` (`id`))
2021-06-07 17:37:12,964 ERROR c.r.a.m.d.j.JdbcUserDao [main] Field 'id' doesn't have a default value
2021-06-07 18:03:40,125 ERROR c.r.a.m.d.j.JdbcUserDao [main] Cannot add or update a child row: a foreign key constraint fails (`repair`.`receipt`, CONSTRAINT `fk_invoice_user1` FOREIGN KEY (`engineer_id`) REFERENCES `user` (`id`))
2021-06-07 18:07:54,401 ERROR c.r.a.m.d.j.JdbcUserDao [main] Cannot add or update a child row: a foreign key constraint fails (`repair`.`receipt`, CONSTRAINT `fk_invoice_user1` FOREIGN KEY (`engineer_id`) REFERENCES `user` (`id`))
2021-06-07 18:08:09,641 ERROR c.r.a.m.d.j.JdbcUserDao [main] Cannot add or update a child row: a foreign key constraint fails (`repair`.`receipt`, CONSTRAINT `fk_invoice_user1` FOREIGN KEY (`engineer_id`) REFERENCES `user` (`id`))
2021-06-07 18:10:29,095 ERROR c.r.a.m.d.j.JdbcUserDao [main] Cannot add or update a child row: a foreign key constraint fails (`repair`.`receipt`, CONSTRAINT `fk_invoice_user1` FOREIGN KEY (`engineer_id`) REFERENCES `user` (`id`))
2021-06-07 18:10:35,914 ERROR c.r.a.m.d.j.JdbcUserDao [main] Cannot add or update a child row: a foreign key constraint fails (`repair`.`receipt`, CONSTRAINT `fk_invoice_user1` FOREIGN KEY (`engineer_id`) REFERENCES `user` (`id`))
2021-06-07 18:10:53,689 ERROR c.r.a.m.d.j.JdbcUserDao [main] Cannot add or update a child row: a foreign key constraint fails (`repair`.`receipt`, CONSTRAINT `fk_invoice_user1` FOREIGN KEY (`engineer_id`) REFERENCES `user` (`id`))
2021-06-07 18:17:10,268 ERROR c.r.a.m.d.j.JdbcUserDao [main] Cannot add or update a child row: a foreign key constraint fails (`repair`.`receipt`, CONSTRAINT `fk_invoice_user1` FOREIGN KEY (`engineer_id`) REFERENCES `user` (`id`))
2021-06-07 19:01:17,974 ERROR c.r.a.m.d.j.JdbcAdminDao [main] Cannot add or update a child row: a foreign key constraint fails (`repair`.`receipt`, CONSTRAINT `fk_invoice_user1` FOREIGN KEY (`engineer_id`) REFERENCES `user` (`id`))
2021-06-07 19:02:42,023 ERROR c.r.a.m.d.j.JdbcAdminDao [main] Cannot add or update a child row: a foreign key constraint fails (`repair`.`receipt`, CONSTRAINT `fk_invoice_user1` FOREIGN KEY (`engineer_id`) REFERENCES `user` (`id`))
2021-06-27 21:26:33,578 ERROR c.r.a.m.d.j.i.JdbcManagerDao [main] Unknown column 'master_id' in 'IN/ALL/ANY subquery'
2021-06-27 21:26:33,889 ERROR c.r.a.m.d.j.i.JdbcUserDao [main] Column 'id' not found.
2021-06-27 21:26:33,897 ERROR c.r.a.m.d.j.i.JdbcUserDao [main] Column 'balance' not found.
2021-06-27 21:26:33,906 ERROR c.r.a.m.d.j.i.JdbcUserDao [main] Unknown column 'balance' in 'field list'
2021-06-27 21:26:33,916 ERROR c.r.a.m.d.j.i.JdbcUserDao [main] Column 'balance' not found.
2021-06-27 21:26:33,924 ERROR c.r.a.m.d.j.i.JdbcUserDao [main] Parameter index out of range (3 > number of parameters, which is 2).
2021-06-27 21:26:33,932 ERROR c.r.a.m.d.j.i.JdbcUserDao [main] Unknown column 'id' in 'where clause'
2021-06-27 22:04:38,357 ERROR c.r.a.m.d.j.i.JdbcManagerDao [main] Столбец "wallet" не найден
Column "wallet" not found [42122-200]
2021-06-27 22:05:58,476 ERROR c.r.a.m.d.j.i.JdbcManagerDao [main] Столбец "wallet" не найден
Column "wallet" not found [42122-200]
2021-06-27 22:12:56,518 ERROR c.r.a.m.d.j.i.JdbcManagerDao [main] Объект уже закрыт
The object is already closed [90007-200]
2021-06-27 22:14:00,580 ERROR c.r.a.m.d.j.i.JdbcManagerDao [main] Объект уже закрыт
The object is already closed [90007-200]
2021-06-27 22:26:34,182 ERROR c.r.a.m.d.j.i.JdbcManagerDao [main] Столбец "customer.login" не найден
Column "customer.login" not found [42122-200]
2021-06-27 22:29:18,581 ERROR c.r.a.m.d.j.i.JdbcManagerDao [main] Столбец "customer.login" не найден
Column "customer.login" not found [42122-200]
2021-06-27 22:29:40,498 ERROR c.r.a.m.d.j.i.JdbcManagerDao [main] Connection is null.
2021-06-27 22:37:21,912 ERROR c.r.a.m.d.j.i.JdbcManagerDao [main] Столбец "customer.login" не найден
Column "customer.login" not found [42122-200]
2021-06-27 22:39:22,263 ERROR c.r.a.m.d.j.i.JdbcManagerDao [main] Столбец "customer.login" не найден
Column "customer.login" not found [42122-200]
2021-06-27 22:42:08,042 ERROR c.r.a.m.d.j.i.JdbcManagerDao [main] Столбец "mass" не найден
Column "mass" not found [42122-200]
2021-06-27 22:46:06,343 ERROR c.r.a.m.d.j.i.JdbcManagerDao [main] Столбец "mass" не найден
Column "mass" not found [42122-200]
2021-06-27 22:54:16,298 ERROR c.r.a.m.d.j.i.JdbcManagerDao [main] Receipt not found
2021-06-27 23:38:48,522 ERROR c.r.a.m.d.j.i.JdbcManagerDao [main] Receipt not found
2021-06-28 10:32:49,471 ERROR c.r.a.m.d.j.i.JdbcManagerDao [main] Receipt not found
2021-06-28 10:38:28,227 ERROR c.r.a.m.d.j.i.JdbcManagerDao [main] Receipt not found
